running pytest
Searching for pytest
Best match: pytest 3.7.1
Processing pytest-3.7.1-py2.7.egg

Using /Users/jacob/Documents/School/Stanford/RA/Gentzkow/gslab_make/.eggs/pytest-3.7.1-py2.7.egg
Searching for py>=1.5.0
Best match: py 1.5.4
Processing py-1.5.4-py2.7.egg

Using /Users/jacob/Documents/School/Stanford/RA/Gentzkow/gslab_make/.eggs/py-1.5.4-py2.7.egg
Searching for pluggy>=0.7
Best match: pluggy 0.7.1
Processing pluggy-0.7.1-py2.7.egg

Using /Users/jacob/Documents/School/Stanford/RA/Gentzkow/gslab_make/.eggs/pluggy-0.7.1-py2.7.egg
Searching for pathlib2>=2.2.0
Best match: pathlib2 2.3.2
Processing pathlib2-2.3.2-py2.7.egg

Using /Users/jacob/Documents/School/Stanford/RA/Gentzkow/gslab_make/.eggs/pathlib2-2.3.2-py2.7.egg
Searching for more-itertools>=4.0.0
Best match: more-itertools 4.3.0
Processing more_itertools-4.3.0-py2.7.egg

Using /Users/jacob/Documents/School/Stanford/RA/Gentzkow/gslab_make/.eggs/more_itertools-4.3.0-py2.7.egg
Searching for attrs>=17.4.0
Best match: attrs 18.1.0
Processing attrs-18.1.0-py2.7.egg

Using /Users/jacob/Documents/School/Stanford/RA/Gentzkow/gslab_make/.eggs/attrs-18.1.0-py2.7.egg
Searching for atomicwrites>=1.0
Best match: atomicwrites 1.1.5
Processing atomicwrites-1.1.5-py2.7.egg

Using /Users/jacob/Documents/School/Stanford/RA/Gentzkow/gslab_make/.eggs/atomicwrites-1.1.5-py2.7.egg
running egg_info
writing requirements to GSLab_Make.egg-info/requires.txt
writing GSLab_Make.egg-info/PKG-INFO
writing top-level names to GSLab_Make.egg-info/top_level.txt
writing dependency_links to GSLab_Make.egg-info/dependency_links.txt
reading manifest file 'GSLab_Make.egg-info/SOURCES.txt'
writing manifest file 'GSLab_Make.egg-info/SOURCES.txt'
running build_ext
============================= test session starts ==============================
platform darwin -- Python 2.7.15, pytest-3.7.1, py-1.5.4, pluggy-0.7.1
rootdir: /Users/jacob/Documents/School/Stanford/RA/Gentzkow/gslab_make, inifile:
collected 46 items

gslab_make_dev/tests/test_clear_dirs.py ...                              [  6%]
gslab_make_dev/tests/test_delete_files.py ...                            [ 13%]
gslab_make_dev/tests/test_execute_command.py ...                         [ 19%]
gslab_make_dev/tests/test_run_perl.py .....F.                            [ 34%]
gslab_make_dev/tests/test_run_python.py ......F..                        [ 54%]
gslab_make_dev/tests/test_run_stata.py .....F.                           [ 69%]
gslab_make_dev/tests/test_tablefill.py ....                              [ 78%]
gslab_make_dev/tests/test_textfill.py ........                           [ 95%]
gslab_make_dev/tests/test_zip.py ..                                      [100%]

=================================== FAILURES ===================================
________________________ testRunPerl.test_no_extension _________________________

self = <gslab_make_dev.tests.test_run_perl.testRunPerl testMethod=test_no_extension>

    def test_no_extension(self):
        with nostderrout():
            run_perl(program = 'gslab_make_dev/tests/input/perl_test_script')
>       self.assertIn('Test script complete', open('../output/make.log').read())
E       AssertionError: 'Test script complete' not found in '\n make.py started: 2018-08-28 10:48:44 /Users/jacob/Documents/School/Stanford/RA/Gentzkow/gslab_make \n\n\n'

gslab_make_dev/tests/test_run_perl.py:48: AssertionError
_______________________ testRunPython.test_no_extension ________________________

self = <gslab_make_dev.tests.test_run_python.testRunPython testMethod=test_no_extension>

    def test_no_extension(self):
        with nostderrout():
            run_python(program = 'gslab_make_dev/tests/input/python_test_script')
>       self.assertIn('Test script complete', open('../output/make.log').read())
E       AssertionError: 'Test script complete' not found in '\n make.py started: 2018-08-28 10:48:44 /Users/jacob/Documents/School/Stanford/RA/Gentzkow/gslab_make \n\n\n'

gslab_make_dev/tests/test_run_python.py:48: AssertionError
________________________ testRunStata.test_no_extension ________________________

self = <gslab_make_dev.tests.test_run_stata.testRunStata testMethod=test_no_extension>

    def test_no_extension(self):
        with nostderrout():
            run_stata(program = 'gslab_make_dev/tests/input/stata_test_script')
>       self.assertIn('end of do-file', open('../output/make.log').read())
E       AssertionError: 'end of do-file' not found in '\n make.py started: 2018-08-28 10:48:47 /Users/jacob/Documents/School/Stanford/RA/Gentzkow/gslab_make \n\n\n'

gslab_make_dev/tests/test_run_stata.py:45: AssertionError
===================== 3 failed, 43 passed in 3.62 seconds ======================
Name                                                Stmts   Miss Branch BrPart  Cover   Missing
-----------------------------------------------------------------------------------------------
gslab_make_dev/_tests.py                                9      9      0      0     0%   2-18
gslab_make_dev/dir_mod.py                             142     95     62      3    29%   43, 66-142, 156-202, 42->43, 45->48, 48->51
gslab_make_dev/make_link_logs.py                       36     28     16      0    15%   61-75, 86-106
gslab_make_dev/make_links.py                           18     12      4      0    27%   60-78
gslab_make_dev/make_log.py                            166    134     66      1    14%   35-63, 78, 88-89, 99-100, 113-128, 146-172, 191-217, 250-262, 279-297, 313-345, 77->78
gslab_make_dev/private/exceptionclasses.py             11      0      0      0   100%
gslab_make_dev/private/linkdirectives.py              108     92     56      0    10%   14-34, 39-44, 48-49, 53-62, 66-87, 90-102, 106-114, 117-140, 144-157
gslab_make_dev/private/linkdirectives_refactor.py     108    108     56      0     0%   3-157
gslab_make_dev/private/linkslist.py                    55     46     30      0    11%   13-42, 45-49, 52-70
gslab_make_dev/private/linkslist_refactor.py           19     19      2      0     0%   3-32
gslab_make_dev/private/messages.py                     26      0      0      0   100%
gslab_make_dev/private/metadata.py                      6      0      0      0   100%
gslab_make_dev/private/preliminaries.py                98     80     36      0    13%   17-26, 29-38, 43-56, 60-64, 67-72, 81-90, 97-113, 120-141, 144-146
gslab_make_dev/private/preliminaries_refactor.py       43     43      8      0     0%   3-65
gslab_make_dev/private/runprogramdirective.py         101     16     26      7    80%   26, 50, 91, 110-112, 116, 134-135, 145-148, 151-154, 25->26, 48->54, 49->50, 90->91, 114->120, 115->116, 121->exit
gslab_make_dev/refactor_tests.py                        9      9      0      0     0%   2-18
gslab_make_dev/run_program.py                         112     68     14      0    35%   32-43, 74-82, 87-95, 100-137, 142-150, 155-168, 179-180
gslab_make_dev/tablefill.py                           141      5     68     10    93%   53, 105, 138, 171, 174, 32->35, 35->37, 52->53, 83->exit, 91->88, 104->105, 122->119, 137->138, 167->171, 173->174
gslab_make_dev/tablefill_info.py                        0      0      0      0   100%
gslab_make_dev/tests/nostderrout.py                    12      0      2      0   100%
gslab_make_dev/tests/test_clear_dirs.py                41      2      8      1    94%   55-56, 54->55
gslab_make_dev/tests/test_delete_files.py              46      2      4      2    92%   55-56, 51->exit, 54->55
gslab_make_dev/tests/test_execute_command.py           84      8     16      7    83%   17-20, 31, 52, 72, 98-99, 15->17, 28->31, 49->52, 69->72, 92->94, 94->exit, 97->98
gslab_make_dev/tests/test_run_lyx.py                    0      0      0      0   100%
gslab_make_dev/tests/test_run_mathematica.py            0      0      0      0   100%
gslab_make_dev/tests/test_run_matlab.py                 0      0      0      0   100%
gslab_make_dev/tests/test_run_perl.py                  63      4      8      3    90%   49, 73, 76-77, 68->70, 72->73, 75->76
gslab_make_dev/tests/test_run_python.py                73      4      8      3    91%   49, 85, 88-89, 80->82, 84->85, 87->88
gslab_make_dev/tests/test_run_r.py                      0      0      0      0   100%
gslab_make_dev/tests/test_run_stata.py                 56      3      6      3    90%   66, 69-70, 63->65, 65->66, 68->69
gslab_make_dev/tests/test_tablefill.py                 96      2     42      6    94%   143-144, 20->exit, 37->34, 57->43, 74->exit, 138->exit, 142->143
gslab_make_dev/tests/test_textfill.py                  83      2     12      3    95%   138-139, 17->exit, 133->exit, 137->138
gslab_make_dev/tests/test_zip.py                       36      2      4      2    90%   46-47, 42->exit, 45->46
gslab_make_dev/textfill.py                            135      2     60      5    96%   44, 170, 32->35, 35->37, 43->44, 100->exit, 169->170
gslab_make_dev/textfill_info.py                         0      0      0      0   100%
-----------------------------------------------------------------------------------------------
TOTAL                                                1933    795    614     56    53%
